----------
1. ERROR in E:\eclipse\workspace\etomica.ide\src\etomica\ide\MakeSimulation.java (at line 12)
	import etomica.Simulation;
	       ^^^^^^^^^^^^^^^^^^
The import etomica.Simulation cannot be resolved
----------
2. ERROR in E:\eclipse\workspace\etomica.ide\src\etomica\ide\MakeSimulation.java (at line 13)
	import etomica.simulations.HSMD2D;
	       ^^^^^^^^^^^^^^^^^^^
The import etomica.simulations cannot be resolved
----------
3. ERROR in E:\eclipse\workspace\etomica.ide\src\etomica\ide\MakeSimulation.java (at line 34)
	simulation = new HSMD2D();
	^^^^^^^^^^
simulation cannot be resolved
----------
4. ERROR in E:\eclipse\workspace\etomica.ide\src\etomica\ide\MakeSimulation.java (at line 34)
	simulation = new HSMD2D();
	                 ^^^^^^
HSMD2D cannot be resolved or is not a type
----------
5. ERROR in E:\eclipse\workspace\etomica.ide\src\etomica\ide\MakeSimulation.java (at line 50)
	Simulation simulation;
	^^^^^^^^^^
Simulation cannot be resolved (or is not a valid type) for the field MakeSimulation.simulation
----------
----------
6. ERROR in E:\eclipse\workspace\etomica.ide\src\etomica\ide\actions\ResumeSimulationAction.java (at line 10)
	import etomica.Controller;
	       ^^^^^^^^^^^^^^^^^^
The import etomica.Controller cannot be resolved
----------
7. ERROR in E:\eclipse\workspace\etomica.ide\src\etomica\ide\actions\ResumeSimulationAction.java (at line 11)
	import etomica.Simulation;
	       ^^^^^^^^^^^^^^^^^^
The import etomica.Simulation cannot be resolved
----------
8. ERROR in E:\eclipse\workspace\etomica.ide\src\etomica\ide\actions\ResumeSimulationAction.java (at line 38)
	public void setSimulation(Simulation simulation) {
	                          ^^^^^^^^^^
Simulation cannot be resolved (or is not a valid type) for the parameter simulation of the method setSimulation
----------
9. ERROR in E:\eclipse\workspace\etomica.ide\src\etomica\ide\actions\ResumeSimulationAction.java (at line 39)
	this.simulation = simulation;
	^^^^^^^^^^^^^^^
simulation cannot be resolved or is not a field
----------
10. ERROR in E:\eclipse\workspace\etomica.ide\src\etomica\ide\actions\ResumeSimulationAction.java (at line 53)
	if(simulation == null) return;
	   ^^^^^^^^^^
simulation cannot be resolved
----------
11. ERROR in E:\eclipse\workspace\etomica.ide\src\etomica\ide\actions\ResumeSimulationAction.java (at line 54)
	Controller controller = simulation.getController();
	^^^^^^^^^^
Controller cannot be resolved or is not a type
----------
12. ERROR in E:\eclipse\workspace\etomica.ide\src\etomica\ide\actions\ResumeSimulationAction.java (at line 54)
	Controller controller = simulation.getController();
	                        ^^^^^^^^^^
simulation cannot be resolved
----------
13. ERROR in E:\eclipse\workspace\etomica.ide\src\etomica\ide\actions\ResumeSimulationAction.java (at line 58)
	view.setSimulation(simulation);//update all buttons
	                   ^^^^^^^^^^
simulation cannot be resolved
----------
14. ERROR in E:\eclipse\workspace\etomica.ide\src\etomica\ide\actions\ResumeSimulationAction.java (at line 66)
	private Simulation simulation;
	        ^^^^^^^^^^
Simulation cannot be resolved (or is not a valid type) for the field ResumeSimulationAction.simulation
----------
----------
15. ERROR in E:\eclipse\workspace\etomica.ide\src\etomica\ide\actions\RunSimulationAction.java (at line 10)
	import etomica.Controller;
	       ^^^^^^^^^^^^^^^^^^
The import etomica.Controller cannot be resolved
----------
16. ERROR in E:\eclipse\workspace\etomica.ide\src\etomica\ide\actions\RunSimulationAction.java (at line 11)
	import etomica.Simulation;
	       ^^^^^^^^^^^^^^^^^^
The import etomica.Simulation cannot be resolved
----------
17. ERROR in E:\eclipse\workspace\etomica.ide\src\etomica\ide\actions\RunSimulationAction.java (at line 38)
	public void setSimulation(Simulation simulation) {
	                          ^^^^^^^^^^
Simulation cannot be resolved (or is not a valid type) for the parameter simulation of the method setSimulation
----------
18. ERROR in E:\eclipse\workspace\etomica.ide\src\etomica\ide\actions\RunSimulationAction.java (at line 39)
	this.simulation = simulation;
	^^^^^^^^^^^^^^^
simulation cannot be resolved or is not a field
----------
19. ERROR in E:\eclipse\workspace\etomica.ide\src\etomica\ide\actions\RunSimulationAction.java (at line 50)
	if(simulation == null) return;
	   ^^^^^^^^^^
simulation cannot be resolved
----------
20. ERROR in E:\eclipse\workspace\etomica.ide\src\etomica\ide\actions\RunSimulationAction.java (at line 51)
	Controller controller = simulation.getController();
	^^^^^^^^^^
Controller cannot be resolved or is not a type
----------
21. ERROR in E:\eclipse\workspace\etomica.ide\src\etomica\ide\actions\RunSimulationAction.java (at line 51)
	Controller controller = simulation.getController();
	                        ^^^^^^^^^^
simulation cannot be resolved
----------
22. ERROR in E:\eclipse\workspace\etomica.ide\src\etomica\ide\actions\RunSimulationAction.java (at line 54)
	view.setSimulation(simulation);//update all buttons
	                   ^^^^^^^^^^
simulation cannot be resolved
----------
23. ERROR in E:\eclipse\workspace\etomica.ide\src\etomica\ide\actions\RunSimulationAction.java (at line 62)
	private Simulation simulation;
	        ^^^^^^^^^^
Simulation cannot be resolved (or is not a valid type) for the field RunSimulationAction.simulation
----------
----------
24. ERROR in E:\eclipse\workspace\etomica.ide\src\etomica\ide\actions\SuspendSimulationAction.java (at line 10)
	import etomica.Controller;
	       ^^^^^^^^^^^^^^^^^^
The import etomica.Controller cannot be resolved
----------
25. ERROR in E:\eclipse\workspace\etomica.ide\src\etomica\ide\actions\SuspendSimulationAction.java (at line 11)
	import etomica.Simulation;
	       ^^^^^^^^^^^^^^^^^^
The import etomica.Simulation cannot be resolved
----------
26. ERROR in E:\eclipse\workspace\etomica.ide\src\etomica\ide\actions\SuspendSimulationAction.java (at line 38)
	public void setSimulation(Simulation simulation) {
	                          ^^^^^^^^^^
Simulation cannot be resolved (or is not a valid type) for the parameter simulation of the method setSimulation
----------
27. ERROR in E:\eclipse\workspace\etomica.ide\src\etomica\ide\actions\SuspendSimulationAction.java (at line 39)
	this.simulation = simulation;
	^^^^^^^^^^^^^^^
simulation cannot be resolved or is not a field
----------
28. ERROR in E:\eclipse\workspace\etomica.ide\src\etomica\ide\actions\SuspendSimulationAction.java (at line 53)
	if(simulation == null) return;
	   ^^^^^^^^^^
simulation cannot be resolved
----------
29. ERROR in E:\eclipse\workspace\etomica.ide\src\etomica\ide\actions\SuspendSimulationAction.java (at line 54)
	Controller controller = simulation.getController();
	^^^^^^^^^^
Controller cannot be resolved or is not a type
----------
30. ERROR in E:\eclipse\workspace\etomica.ide\src\etomica\ide\actions\SuspendSimulationAction.java (at line 54)
	Controller controller = simulation.getController();
	                        ^^^^^^^^^^
simulation cannot be resolved
----------
31. ERROR in E:\eclipse\workspace\etomica.ide\src\etomica\ide\actions\SuspendSimulationAction.java (at line 57)
	view.setSimulation(simulation);//notify other buttons
	                   ^^^^^^^^^^
simulation cannot be resolved
----------
32. ERROR in E:\eclipse\workspace\etomica.ide\src\etomica\ide\actions\SuspendSimulationAction.java (at line 65)
	private Simulation simulation;
	        ^^^^^^^^^^
Simulation cannot be resolved (or is not a valid type) for the field SuspendSimulationAction.simulation
----------
----------
33. ERROR in E:\eclipse\workspace\etomica.ide\src\etomica\ide\actions\TerminateSimulationAction.java (at line 10)
	import etomica.Controller;
	       ^^^^^^^^^^^^^^^^^^
The import etomica.Controller cannot be resolved
----------
34. ERROR in E:\eclipse\workspace\etomica.ide\src\etomica\ide\actions\TerminateSimulationAction.java (at line 11)
	import etomica.Simulation;
	       ^^^^^^^^^^^^^^^^^^
The import etomica.Simulation cannot be resolved
----------
35. ERROR in E:\eclipse\workspace\etomica.ide\src\etomica\ide\actions\TerminateSimulationAction.java (at line 38)
	public void setSimulation(Simulation simulation) {
	                          ^^^^^^^^^^
Simulation cannot be resolved (or is not a valid type) for the parameter simulation of the method setSimulation
----------
36. ERROR in E:\eclipse\workspace\etomica.ide\src\etomica\ide\actions\TerminateSimulationAction.java (at line 39)
	this.simulation = simulation;
	^^^^^^^^^^^^^^^
simulation cannot be resolved or is not a field
----------
37. ERROR in E:\eclipse\workspace\etomica.ide\src\etomica\ide\actions\TerminateSimulationAction.java (at line 50)
	if(simulation == null) return;
	   ^^^^^^^^^^
simulation cannot be resolved
----------
38. ERROR in E:\eclipse\workspace\etomica.ide\src\etomica\ide\actions\TerminateSimulationAction.java (at line 51)
	Controller controller = simulation.getController();
	^^^^^^^^^^
Controller cannot be resolved or is not a type
----------
39. ERROR in E:\eclipse\workspace\etomica.ide\src\etomica\ide\actions\TerminateSimulationAction.java (at line 51)
	Controller controller = simulation.getController();
	                        ^^^^^^^^^^
simulation cannot be resolved
----------
40. ERROR in E:\eclipse\workspace\etomica.ide\src\etomica\ide\actions\TerminateSimulationAction.java (at line 54)
	view.setSimulation(simulation);//update all buttons
	                   ^^^^^^^^^^
simulation cannot be resolved
----------
41. ERROR in E:\eclipse\workspace\etomica.ide\src\etomica\ide\actions\TerminateSimulationAction.java (at line 62)
	private Simulation simulation;
	        ^^^^^^^^^^
Simulation cannot be resolved (or is not a valid type) for the field TerminateSimulationAction.simulation
----------
----------
42. WARNING in E:\eclipse\workspace\etomica.ide\src\etomica\ide\ui\configurationview\ConfigurationCanvas.java (at line 3)
	import org.eclipse.jface.viewers.ISelection;
	       ^^^^^^^^^^^^^^^^^^^^^^^^^^^^^^^^^^^^
The import org.eclipse.jface.viewers.ISelection is never used
----------
----------
43. WARNING in E:\eclipse\workspace\etomica.ide\src\etomica\ide\ui\configurationview\ConfigurationCanvas.java (at line 4)
	import org.eclipse.jface.viewers.ISelectionChangedListener;
	       ^^^^^^^^^^^^^^^^^^^^^^^^^^^^^^^^^^^^^^^^^^^^^^^^^^^
The import org.eclipse.jface.viewers.ISelectionChangedListener is never used
----------
----------
44. WARNING in E:\eclipse\workspace\etomica.ide\src\etomica\ide\ui\configurationview\ConfigurationCanvas.java (at line 5)
	import org.eclipse.jface.viewers.IStructuredSelection;
	       ^^^^^^^^^^^^^^^^^^^^^^^^^^^^^^^^^^^^^^^^^^^^^^
The import org.eclipse.jface.viewers.IStructuredSelection is never used
----------
----------
45. WARNING in E:\eclipse\workspace\etomica.ide\src\etomica\ide\ui\configurationview\ConfigurationCanvas.java (at line 6)
	import org.eclipse.jface.viewers.SelectionChangedEvent;
	       ^^^^^^^^^^^^^^^^^^^^^^^^^^^^^^^^^^^^^^^^^^^^^^^
The import org.eclipse.jface.viewers.SelectionChangedEvent is never used
----------
----------
46. WARNING in E:\eclipse\workspace\etomica.ide\src\etomica\ide\ui\configurationview\ConfigurationCanvas.java (at line 17)
	import org.eclipse.ui.ISelectionListener;
	       ^^^^^^^^^^^^^^^^^^^^^^^^^^^^^^^^^
The import org.eclipse.ui.ISelectionListener is never used
----------
----------
47. WARNING in E:\eclipse\workspace\etomica.ide\src\etomica\ide\ui\configurationview\ConfigurationCanvas.java (at line 18)
	import org.eclipse.ui.IWorkbenchPart;
	       ^^^^^^^^^^^^^^^^^^^^^^^^^^^^^
The import org.eclipse.ui.IWorkbenchPart is never used
----------
----------
48. ERROR in E:\eclipse\workspace\etomica.ide\src\etomica\ide\ui\configurationview\ConfigurationCanvas.java (at line 20)
	import etomica.Atom;
	       ^^^^^^^^^^^^
The import etomica.Atom cannot be resolved
----------
49. ERROR in E:\eclipse\workspace\etomica.ide\src\etomica\ide\ui\configurationview\ConfigurationCanvas.java (at line 21)
	import etomica.AtomFilter;
	       ^^^^^^^^^^^^^^^^^^
The import etomica.AtomFilter cannot be resolved
----------
50. ERROR in E:\eclipse\workspace\etomica.ide\src\etomica\ide\ui\configurationview\ConfigurationCanvas.java (at line 22)
	import etomica.AtomIteratorLeafAtoms;
	       ^^^^^^^^^^^^^^^^^^^^^^^^^^^^^
The import etomica.AtomIteratorLeafAtoms cannot be resolved
----------
51. ERROR in E:\eclipse\workspace\etomica.ide\src\etomica\ide\ui\configurationview\ConfigurationCanvas.java (at line 23)
	import etomica.Phase;
	       ^^^^^^^^^^^^^
The import etomica.Phase cannot be resolved
----------
52. ERROR in E:\eclipse\workspace\etomica.ide\src\etomica\ide\ui\configurationview\ConfigurationCanvas.java (at line 24)
	import etomica.graphics.ColorScheme;
	       ^^^^^^^^^^^^^^^^
The import etomica.graphics cannot be resolved
----------
53. ERROR in E:\eclipse\workspace\etomica.ide\src\etomica\ide\ui\configurationview\ConfigurationCanvas.java (at line 25)
	import etomica.graphics.ColorSchemeByType;
	       ^^^^^^^^^^^^^^^^
The import etomica.graphics cannot be resolved
----------
54. WARNING in E:\eclipse\workspace\etomica.ide\src\etomica\ide\ui\configurationview\ConfigurationCanvas.java (at line 26)
	import etomica.ide.ui.propertiesview.PropertySourceWrapper;
	       ^^^^^^^^^^^^^^^^^^^^^^^^^^^^^^^^^^^^^^^^^^^^^^^^^^^
The import etomica.ide.ui.propertiesview.PropertySourceWrapper is never used
----------
55. ERROR in E:\eclipse\workspace\etomica.ide\src\etomica\ide\ui\configurationview\ConfigurationCanvas.java (at line 36)
	protected ColorScheme colorScheme;
	          ^^^^^^^^^^^
ColorScheme cannot be resolved (or is not a valid type) for the field ConfigurationCanvas.colorScheme
----------
56. ERROR in E:\eclipse\workspace\etomica.ide\src\etomica\ide\ui\configurationview\ConfigurationCanvas.java (at line 37)
	protected Atom[] selectedAtoms = new Atom[1];
	          ^^^^^^
Atom[] cannot be resolved (or is not a valid type) for the field ConfigurationCanvas.selectedAtoms
----------
57. ERROR in E:\eclipse\workspace\etomica.ide\src\etomica\ide\ui\configurationview\ConfigurationCanvas.java (at line 37)
	protected Atom[] selectedAtoms = new Atom[1];
	                                     ^^^^
Atom cannot be resolved or is not a type
----------
58. ERROR in E:\eclipse\workspace\etomica.ide\src\etomica\ide\ui\configurationview\ConfigurationCanvas.java (at line 74)
	setAtomFilter(AtomFilter.ACCEPT_ALL);
	              ^^^^^^^^^^
AtomFilter cannot be resolved
----------
59. ERROR in E:\eclipse\workspace\etomica.ide\src\etomica\ide\ui\configurationview\ConfigurationCanvas.java (at line 76)
	colorScheme = new ColorSchemeByType();
	^^^^^^^^^^^
colorScheme cannot be resolved
----------
60. ERROR in E:\eclipse\workspace\etomica.ide\src\etomica\ide\ui\configurationview\ConfigurationCanvas.java (at line 76)
	colorScheme = new ColorSchemeByType();
	                  ^^^^^^^^^^^^^^^^^
ColorSchemeByType cannot be resolved or is not a type
----------
61. ERROR in E:\eclipse\workspace\etomica.ide\src\etomica\ide\ui\configurationview\ConfigurationCanvas.java (at line 102)
	public void setPhase(Phase phase) {
	                     ^^^^^
Phase cannot be resolved (or is not a valid type) for the parameter phase of the method setPhase
----------
62. ERROR in E:\eclipse\workspace\etomica.ide\src\etomica\ide\ui\configurationview\ConfigurationCanvas.java (at line 103)
	this.phase = phase;
	^^^^^^^^^^
phase cannot be resolved or is not a field
----------
63. ERROR in E:\eclipse\workspace\etomica.ide\src\etomica\ide\ui\configurationview\ConfigurationCanvas.java (at line 104)
	atomIterator.setPhase(phase);
	^^^^^^^^^^^^
atomIterator cannot be resolved
----------
64. ERROR in E:\eclipse\workspace\etomica.ide\src\etomica\ide\ui\configurationview\ConfigurationCanvas.java (at line 107)
	public Phase getPhase() {
	       ^^^^^
Phase cannot be resolved (or is not a valid return type) for the method getPhase
----------
65. ERROR in E:\eclipse\workspace\etomica.ide\src\etomica\ide\ui\configurationview\ConfigurationCanvas.java (at line 108)
	return phase;
	       ^^^^^
phase cannot be resolved
----------
66. ERROR in E:\eclipse\workspace\etomica.ide\src\etomica\ide\ui\configurationview\ConfigurationCanvas.java (at line 115)
	public ColorScheme getColorScheme() {
	       ^^^^^^^^^^^
ColorScheme cannot be resolved (or is not a valid return type) for the method getColorScheme
----------
67. ERROR in E:\eclipse\workspace\etomica.ide\src\etomica\ide\ui\configurationview\ConfigurationCanvas.java (at line 116)
	return colorScheme;
	       ^^^^^^^^^^^
colorScheme cannot be resolved
----------
68. ERROR in E:\eclipse\workspace\etomica.ide\src\etomica\ide\ui\configurationview\ConfigurationCanvas.java (at line 118)
	public void setColorScheme(ColorScheme colorScheme) {
	                           ^^^^^^^^^^^
ColorScheme cannot be resolved (or is not a valid type) for the parameter colorScheme of the method setColorScheme
----------
69. ERROR in E:\eclipse\workspace\etomica.ide\src\etomica\ide\ui\configurationview\ConfigurationCanvas.java (at line 119)
	this.colorScheme = colorScheme;
	^^^^^^^^^^^^^^^^
colorScheme cannot be resolved or is not a field
----------
70. ERROR in E:\eclipse\workspace\etomica.ide\src\etomica\ide\ui\configurationview\ConfigurationCanvas.java (at line 122)
	public void setAtomFilter(AtomFilter filter) {atomFilter = filter;} 
	                          ^^^^^^^^^^
AtomFilter cannot be resolved (or is not a valid type) for the parameter filter of the method setAtomFilter
----------
71. ERROR in E:\eclipse\workspace\etomica.ide\src\etomica\ide\ui\configurationview\ConfigurationCanvas.java (at line 122)
	public void setAtomFilter(AtomFilter filter) {atomFilter = filter;} 
	                                              ^^^^^^^^^^
atomFilter cannot be resolved
----------
72. ERROR in E:\eclipse\workspace\etomica.ide\src\etomica\ide\ui\configurationview\ConfigurationCanvas.java (at line 159)
	public Atom[] getSelectedAtoms() {
	       ^^^^^^
Atom[] cannot be resolved (or is not a valid return type) for the method getSelectedAtoms
----------
73. ERROR in E:\eclipse\workspace\etomica.ide\src\etomica\ide\ui\configurationview\ConfigurationCanvas.java (at line 160)
	return selectedAtoms;
	       ^^^^^^^^^^^^^
selectedAtoms cannot be resolved
----------
74. ERROR in E:\eclipse\workspace\etomica.ide\src\etomica\ide\ui\configurationview\ConfigurationCanvas.java (at line 162)
	public void setSelectedAtoms(Atom[] selectedAtoms) {
	                             ^^^^^^
Atom[] cannot be resolved (or is not a valid type) for the parameter selectedAtoms of the method setSelectedAtoms
----------
75. ERROR in E:\eclipse\workspace\etomica.ide\src\etomica\ide\ui\configurationview\ConfigurationCanvas.java (at line 163)
	this.selectedAtoms = selectedAtoms;
	^^^^^^^^^^^^^^^^^^
selectedAtoms cannot be resolved or is not a field
----------
76. ERROR in E:\eclipse\workspace\etomica.ide\src\etomica\ide\ui\configurationview\ConfigurationCanvas.java (at line 209)
	protected final AtomIteratorLeafAtoms atomIterator = new AtomIteratorLeafAtoms();
	                ^^^^^^^^^^^^^^^^^^^^^
AtomIteratorLeafAtoms cannot be resolved (or is not a valid type) for the field ConfigurationCanvas.atomIterator
----------
77. ERROR in E:\eclipse\workspace\etomica.ide\src\etomica\ide\ui\configurationview\ConfigurationCanvas.java (at line 209)
	protected final AtomIteratorLeafAtoms atomIterator = new AtomIteratorLeafAtoms();
	                                                         ^^^^^^^^^^^^^^^^^^^^^
AtomIteratorLeafAtoms cannot be resolved or is not a type
----------
78. ERROR in E:\eclipse\workspace\etomica.ide\src\etomica\ide\ui\configurationview\ConfigurationCanvas.java (at line 210)
	protected AtomFilter atomFilter;
	          ^^^^^^^^^^
AtomFilter cannot be resolved (or is not a valid type) for the field ConfigurationCanvas.atomFilter
----------
79. ERROR in E:\eclipse\workspace\etomica.ide\src\etomica\ide\ui\configurationview\ConfigurationCanvas.java (at line 214)
	protected Phase phase;
	          ^^^^^
Phase cannot be resolved (or is not a valid type) for the field ConfigurationCanvas.phase
----------
----------
80. ERROR in E:\eclipse\workspace\etomica.ide\src\etomica\ide\ui\configurationview\ConfigurationCanvas2D.java (at line 8)
	import etomica.Atom;
	       ^^^^^^^^^^^^
The import etomica.Atom cannot be resolved
----------
81. ERROR in E:\eclipse\workspace\etomica.ide\src\etomica\ide\ui\configurationview\ConfigurationCanvas2D.java (at line 9)
	import etomica.AtomType;
	       ^^^^^^^^^^^^^^^^
The import etomica.AtomType cannot be resolved
----------
82. ERROR in E:\eclipse\workspace\etomica.ide\src\etomica\ide\ui\configurationview\ConfigurationCanvas2D.java (at line 10)
	import etomica.Space;
	       ^^^^^^^^^^^^^
The import etomica.Space cannot be resolved
----------
83. ERROR in E:\eclipse\workspace\etomica.ide\src\etomica\ide\ui\configurationview\ConfigurationCanvas2D.java (at line 11)
	import etomica.Species;
	       ^^^^^^^^^^^^^^^
The import etomica.Species cannot be resolved
----------
84. ERROR in E:\eclipse\workspace\etomica.ide\src\etomica\ide\ui\configurationview\ConfigurationCanvas2D.java (at line 12)
	import etomica.AtomTypeSphere;
	       ^^^^^^^^^^^^^^^^^^^^^^
The import etomica.AtomTypeSphere cannot be resolved
----------
85. ERROR in E:\eclipse\workspace\etomica.ide\src\etomica\ide\ui\configurationview\ConfigurationCanvas2D.java (at line 13)
	import etomica.graphics.ColorScheme;
	       ^^^^^^^^^^^^^^^^
The import etomica.graphics cannot be resolved
----------
86. ERROR in E:\eclipse\workspace\etomica.ide\src\etomica\ide\ui\configurationview\ConfigurationCanvas2D.java (at line 14)
	import etomica.graphics.ColorSchemeByType;
	       ^^^^^^^^^^^^^^^^
The import etomica.graphics cannot be resolved
----------
87. ERROR in E:\eclipse\workspace\etomica.ide\src\etomica\ide\ui\configurationview\ConfigurationCanvas2D.java (at line 31)
	private void drawAtom(GC gcImage, Atom a) {
	                                  ^^^^
Atom cannot be resolved (or is not a valid type) for the parameter a of the method drawAtom
----------
88. ERROR in E:\eclipse\workspace\etomica.ide\src\etomica\ide\ui\configurationview\ConfigurationCanvas2D.java (at line 32)
	if(!atomFilter.accept(a)) return;
	    ^^^^^^^^^^
atomFilter cannot be resolved
----------
89. ERROR in E:\eclipse\workspace\etomica.ide\src\etomica\ide\ui\configurationview\ConfigurationCanvas2D.java (at line 33)
	Space.Vector r = a.coord.position();
	^^^^^^^^^^^^
Space cannot be resolved or is not a type
----------
90. ERROR in E:\eclipse\workspace\etomica.ide\src\etomica\ide\ui\configurationview\ConfigurationCanvas2D.java (at line 38)
	int swtColor = etomica.ide.swt.Color.awt2swt(colorScheme.atomColor(a));
	                                             ^^^^^^^^^^^
colorScheme cannot be resolved
----------
91. ERROR in E:\eclipse\workspace\etomica.ide\src\etomica\ide\ui\configurationview\ConfigurationCanvas2D.java (at line 39)
	for(int i=0; i<selectedAtoms.length; i++) if(a.node.isDescendedFrom(selectedAtoms[i])) swtColor = SWT.COLOR_GREEN;
	               ^^^^^^^^^^^^^
selectedAtoms cannot be resolved
----------
92. ERROR in E:\eclipse\workspace\etomica.ide\src\etomica\ide\ui\configurationview\ConfigurationCanvas2D.java (at line 39)
	for(int i=0; i<selectedAtoms.length; i++) if(a.node.isDescendedFrom(selectedAtoms[i])) swtColor = SWT.COLOR_GREEN;
	                                                                    ^^^^^^^^^^^^^
selectedAtoms cannot be resolved
----------
93. ERROR in E:\eclipse\workspace\etomica.ide\src\etomica\ide\ui\configurationview\ConfigurationCanvas2D.java (at line 44)
	if(a.type instanceof AtomTypeSphere) {
	                     ^^^^^^^^^^^^^^
AtomTypeSphere cannot be resolved or is not a type
----------
94. ERROR in E:\eclipse\workspace\etomica.ide\src\etomica\ide\ui\configurationview\ConfigurationCanvas2D.java (at line 46)
	sigmaP = (int)(toPixels*((AtomTypeSphere)a.type).diameter(a));
	                          ^^^^^^^^^^^^^^
AtomTypeSphere cannot be resolved or is not a type
----------
95. ERROR in E:\eclipse\workspace\etomica.ide\src\etomica\ide\ui\configurationview\ConfigurationCanvas2D.java (at line 99)
	if(!isVisible() || getPhase() == null) {return;}
	                   ^^^^^^^^
The method getPhase() is undefined for the type ConfigurationCanvas2D
----------
96. ERROR in E:\eclipse\workspace\etomica.ide\src\etomica\ide\ui\configurationview\ConfigurationCanvas2D.java (at line 103)
	Space.Vector dimensions = getPhase().boundary().dimensions();
	^^^^^^^^^^^^
Space cannot be resolved or is not a type
----------
97. ERROR in E:\eclipse\workspace\etomica.ide\src\etomica\ide\ui\configurationview\ConfigurationCanvas2D.java (at line 103)
	Space.Vector dimensions = getPhase().boundary().dimensions();
	                          ^^^^^^^^
The method getPhase() is undefined for the type ConfigurationCanvas2D
----------
98. ERROR in E:\eclipse\workspace\etomica.ide\src\etomica\ide\ui\configurationview\ConfigurationCanvas2D.java (at line 130)
	atomIterator.reset();
	^^^^^^^^^^^^
atomIterator cannot be resolved
----------
99. ERROR in E:\eclipse\workspace\etomica.ide\src\etomica\ide\ui\configurationview\ConfigurationCanvas2D.java (at line 131)
	while(atomIterator.hasNext()) {
	      ^^^^^^^^^^^^
atomIterator cannot be resolved
----------
100. ERROR in E:\eclipse\workspace\etomica.ide\src\etomica\ide\ui\configurationview\ConfigurationCanvas2D.java (at line 132)
	drawAtom(gcImage, atomIterator.nextAtom());
	                  ^^^^^^^^^^^^
atomIterator cannot be resolved
----------
----------
101. ERROR in E:\eclipse\workspace\etomica.ide\src\etomica\ide\ui\configurationview\ConfigurationView.java (at line 16)
	import etomica.Atom;
	       ^^^^^^^^^^^^
The import etomica.Atom cannot be resolved
----------
102. ERROR in E:\eclipse\workspace\etomica.ide\src\etomica\ide\ui\configurationview\ConfigurationView.java (at line 17)
	import etomica.Phase;
	       ^^^^^^^^^^^^^
The import etomica.Phase cannot be resolved
----------
103. ERROR in E:\eclipse\workspace\etomica.ide\src\etomica\ide\ui\configurationview\ConfigurationView.java (at line 18)
	import etomica.Simulation;
	       ^^^^^^^^^^^^^^^^^^
The import etomica.Simulation cannot be resolved
----------
104. ERROR in E:\eclipse\workspace\etomica.ide\src\etomica\ide\ui\configurationview\ConfigurationView.java (at line 81)
	canvas.setSelectedAtoms(new Atom[0]);
	                            ^^^^
Atom cannot be resolved or is not a type
----------
105. ERROR in E:\eclipse\workspace\etomica.ide\src\etomica\ide\ui\configurationview\ConfigurationView.java (at line 87)
	if(obj instanceof Phase) {
	                  ^^^^^
Phase cannot be resolved or is not a type
----------
106. ERROR in E:\eclipse\workspace\etomica.ide\src\etomica\ide\ui\configurationview\ConfigurationView.java (at line 88)
	Phase phase = (Phase)obj;
	^^^^^
Phase cannot be resolved or is not a type
----------
107. ERROR in E:\eclipse\workspace\etomica.ide\src\etomica\ide\ui\configurationview\ConfigurationView.java (at line 88)
	Phase phase = (Phase)obj;
	               ^^^^^
Phase cannot be resolved or is not a type
----------
108. ERROR in E:\eclipse\workspace\etomica.ide\src\etomica\ide\ui\configurationview\ConfigurationView.java (at line 91)
	} else if(obj instanceof Simulation) {
	                         ^^^^^^^^^^
Simulation cannot be resolved or is not a type
----------
109. ERROR in E:\eclipse\workspace\etomica.ide\src\etomica\ide\ui\configurationview\ConfigurationView.java (at line 92)
	Simulation sim = (Simulation)obj;
	^^^^^^^^^^
Simulation cannot be resolved or is not a type
----------
110. ERROR in E:\eclipse\workspace\etomica.ide\src\etomica\ide\ui\configurationview\ConfigurationView.java (at line 92)
	Simulation sim = (Simulation)obj;
	                  ^^^^^^^^^^
Simulation cannot be resolved or is not a type
----------
111. ERROR in E:\eclipse\workspace\etomica.ide\src\etomica\ide\ui\configurationview\ConfigurationView.java (at line 93)
	Phase phase = (Phase)lastPhase.get(sim);//get phase last viewed with selected simulation
	^^^^^
Phase cannot be resolved or is not a type
----------
112. ERROR in E:\eclipse\workspace\etomica.ide\src\etomica\ide\ui\configurationview\ConfigurationView.java (at line 93)
	Phase phase = (Phase)lastPhase.get(sim);//get phase last viewed with selected simulation
	               ^^^^^
Phase cannot be resolved or is not a type
----------
113. ERROR in E:\eclipse\workspace\etomica.ide\src\etomica\ide\ui\configurationview\ConfigurationView.java (at line 95)
	phase = (Phase)sim.getPhaseList().get(0);
	         ^^^^^
Phase cannot be resolved or is not a type
----------
114. ERROR in E:\eclipse\workspace\etomica.ide\src\etomica\ide\ui\configurationview\ConfigurationView.java (at line 99)
	} else if(obj instanceof Atom) {
	                         ^^^^
Atom cannot be resolved or is not a type
----------
115. ERROR in E:\eclipse\workspace\etomica.ide\src\etomica\ide\ui\configurationview\ConfigurationView.java (at line 102)
	Atom[] selectedAtoms = new Atom[nAtom];
	^^^^^^
Atom[] cannot be resolved or is not a type
----------
116. ERROR in E:\eclipse\workspace\etomica.ide\src\etomica\ide\ui\configurationview\ConfigurationView.java (at line 102)
	Atom[] selectedAtoms = new Atom[nAtom];
	                           ^^^^
Atom cannot be resolved or is not a type
----------
117. ERROR in E:\eclipse\workspace\etomica.ide\src\etomica\ide\ui\configurationview\ConfigurationView.java (at line 106)
	selectedAtoms[i] = (Atom)((PropertySourceWrapper)objects[i]).getObject();
	                    ^^^^
Atom cannot be resolved or is not a type
----------
----------
118. ERROR in E:\eclipse\workspace\etomica.ide\src\etomica\ide\ui\propertiesview\EnumeratedTypePropertyDescriptor.java (at line 11)
	import etomica.Constants;
	       ^^^^^^^^^^^^^^^^^
The import etomica.Constants cannot be resolved
----------
119. ERROR in E:\eclipse\workspace\etomica.ide\src\etomica\ide\ui\propertiesview\EnumeratedTypePropertyDescriptor.java (at line 24)
	public EnumeratedTypePropertyDescriptor(Object id, String displayName, Constants.TypedConstant[] choices) {
	                                                                       ^^^^^^^^^^^^^^^^^^^^^^^^^
Constants[] cannot be resolved (or is not a valid type) for the parameter choices of the method EnumeratedTypePropertyDescriptor
----------
120. ERROR in E:\eclipse\workspace\etomica.ide\src\etomica\ide\ui\propertiesview\EnumeratedTypePropertyDescriptor.java (at line 26)
	this.choices = choices;
	^^^^^^^^^^^^
choices cannot be resolved or is not a field
----------
121. ERROR in E:\eclipse\workspace\etomica.ide\src\etomica\ide\ui\propertiesview\EnumeratedTypePropertyDescriptor.java (at line 31)
	return new EnumeratedTypeCellEditor(parent, choices);
	                                            ^^^^^^^
choices cannot be resolved
----------
122. ERROR in E:\eclipse\workspace\etomica.ide\src\etomica\ide\ui\propertiesview\EnumeratedTypePropertyDescriptor.java (at line 34)
	private Constants.TypedConstant[] choices;
	        ^^^^^^^^^^^^^^^^^^^^^^^^^
Constants[] cannot be resolved (or is not a valid type) for the field EnumeratedTypePropertyDescriptor.choices
----------
----------
123. ERROR in E:\eclipse\workspace\etomica.ide\src\etomica\ide\ui\propertiesview\IntegerPropertyDescriptor.java (at line 11)
	import etomica.Constants;
	       ^^^^^^^^^^^^^^^^^
The import etomica.Constants cannot be resolved
----------
----------
124. ERROR in E:\eclipse\workspace\etomica.ide\src\etomica\ide\ui\propertiesview\PropertySourceWrapper.java (at line 24)
	import etomica.Constants;
	       ^^^^^^^^^^^^^^^^^
The import etomica.Constants cannot be resolved
----------
125. ERROR in E:\eclipse\workspace\etomica.ide\src\etomica\ide\ui\propertiesview\PropertySourceWrapper.java (at line 25)
	import etomica.Space;
	       ^^^^^^^^^^^^^
The import etomica.Space cannot be resolved
----------
126. ERROR in E:\eclipse\workspace\etomica.ide\src\etomica\ide\ui\propertiesview\PropertySourceWrapper.java (at line 81)
	value instanceof etomica.Constants.TypedConstant)) {
	                 ^^^^^^^^^^^^^^^^^^^^^^^^^^^^^^^
etomica.Constants cannot be resolved or is not a type
----------
127. ERROR in E:\eclipse\workspace\etomica.ide\src\etomica\ide\ui\propertiesview\PropertySourceWrapper.java (at line 180)
	if(etomica.units.Dimension.class.isAssignableFrom(type)) return null;
	   ^^^^^^^^^^^^^^^^^^^^^^^
etomica.units cannot be resolved or is not a type
----------
128. ERROR in E:\eclipse\workspace\etomica.ide\src\etomica\ide\ui\propertiesview\PropertySourceWrapper.java (at line 181)
	if(etomica.utility.java2.LinkedList.class.isAssignableFrom(type)) return null;
	   ^^^^^^^^^^^^^^^^^^^^^^^^^^^^^^^^
etomica.utility cannot be resolved or is not a type
----------
129. ERROR in E:\eclipse\workspace\etomica.ide\src\etomica\ide\ui\propertiesview\PropertySourceWrapper.java (at line 197)
	else if(etomica.Constants.TypedConstant.class.isAssignableFrom(type) && value != null) {
	        ^^^^^^^^^^^^^^^^^^^^^^^^^^^^^^^
etomica.Constants cannot be resolved or is not a type
----------
130. ERROR in E:\eclipse\workspace\etomica.ide\src\etomica\ide\ui\propertiesview\PropertySourceWrapper.java (at line 198)
	pd = new EnumeratedTypePropertyDescriptor(property,name,((Constants.TypedConstant)value).choices());
	                                                          ^^^^^^^^^
Constants cannot be resolved
----------
131. ERROR in E:\eclipse\workspace\etomica.ide\src\etomica\ide\ui\propertiesview\PropertySourceWrapper.java (at line 202)
	} else if(Space.Boundary.class.isAssignableFrom(type)) {
	          ^^^^^^^^^^^^^^
Space cannot be resolved or is not a type
----------
----------
132. ERROR in E:\eclipse\workspace\etomica.ide\src\etomica\ide\ui\simulationview\SimulationView.java (at line 20)
	import etomica.Simulation;
	       ^^^^^^^^^^^^^^^^^^
The import etomica.Simulation cannot be resolved
----------
133. ERROR in E:\eclipse\workspace\etomica.ide\src\etomica\ide\ui\simulationview\SimulationView.java (at line 21)
	import etomica.SimulationEvent;
	       ^^^^^^^^^^^^^^^^^^^^^^^
The import etomica.SimulationEvent cannot be resolved
----------
134. ERROR in E:\eclipse\workspace\etomica.ide\src\etomica\ide\ui\simulationview\SimulationView.java (at line 22)
	import etomica.SimulationListener;
	       ^^^^^^^^^^^^^^^^^^^^^^^^^^
The import etomica.SimulationListener cannot be resolved
----------
135. ERROR in E:\eclipse\workspace\etomica.ide\src\etomica\ide\ui\simulationview\SimulationView.java (at line 47)
	java.util.LinkedList instances = Simulation.getInstances();
	                                 ^^^^^^^^^^
Simulation cannot be resolved
----------
136. ERROR in E:\eclipse\workspace\etomica.ide\src\etomica\ide\ui\simulationview\SimulationView.java (at line 48)
	viewer.setInput(Simulation.getInstances());
	                ^^^^^^^^^^
Simulation cannot be resolved
----------
137. ERROR in E:\eclipse\workspace\etomica.ide\src\etomica\ide\ui\simulationview\SimulationView.java (at line 64)
	setSimulation(null);
	^^^^^^^^^^^^^
The method setSimulation(null) is undefined for the type SimulationView
----------
138. ERROR in E:\eclipse\workspace\etomica.ide\src\etomica\ide\ui\simulationview\SimulationView.java (at line 103)
	setSimulation(null);
	^^^^^^^^^^^^^
The method setSimulation(null) is undefined for the type SimulationView
----------
139. ERROR in E:\eclipse\workspace\etomica.ide\src\etomica\ide\ui\simulationview\SimulationView.java (at line 107)
	if(propertySource != null && propertySource.getObject() instanceof Simulation) {
	                                                                   ^^^^^^^^^^
Simulation cannot be resolved or is not a type
----------
140. ERROR in E:\eclipse\workspace\etomica.ide\src\etomica\ide\ui\simulationview\SimulationView.java (at line 108)
	Simulation sim = (Simulation)propertySource.getObject();
	^^^^^^^^^^
Simulation cannot be resolved or is not a type
----------
141. ERROR in E:\eclipse\workspace\etomica.ide\src\etomica\ide\ui\simulationview\SimulationView.java (at line 108)
	Simulation sim = (Simulation)propertySource.getObject();
	                  ^^^^^^^^^^
Simulation cannot be resolved or is not a type
----------
142. ERROR in E:\eclipse\workspace\etomica.ide\src\etomica\ide\ui\simulationview\SimulationView.java (at line 120)
	public void setSimulation(Simulation sim) {
	                          ^^^^^^^^^^
Simulation cannot be resolved (or is not a valid type) for the parameter sim of the method setSimulation
----------
143. ERROR in E:\eclipse\workspace\etomica.ide\src\etomica\ide\ui\simulationview\SimulationView.java (at line 147)
	public static class ContentProvider implements IStructuredContentProvider, SimulationListener {
	                                                                           ^^^^^^^^^^^^^^^^^^
SimulationListener cannot be resolved or is not a valid superinterface
----------
144. ERROR in E:\eclipse\workspace\etomica.ide\src\etomica\ide\ui\simulationview\SimulationView.java (at line 150)
	Simulation.instantiationEventManager.addListener(this);	
	^^^^^^^^^^
Simulation cannot be resolved
----------
145. ERROR in E:\eclipse\workspace\etomica.ide\src\etomica\ide\ui\simulationview\SimulationView.java (at line 168)
	Simulation.instantiationEventManager.removeListener(this);
	^^^^^^^^^^
Simulation cannot be resolved
----------
146. ERROR in E:\eclipse\workspace\etomica.ide\src\etomica\ide\ui\simulationview\SimulationView.java (at line 171)
	public void actionPerformed(SimulationEvent evt) {
	                            ^^^^^^^^^^^^^^^
SimulationEvent cannot be resolved (or is not a valid type) for the parameter evt of the method actionPerformed
----------
----------
147. ERROR in E:\eclipse\workspace\etomica.ide\src\etomica\ide\ui\simulationview\SimulationViewContentProvider.java (at line 11)
	import etomica.Simulation;
	       ^^^^^^^^^^^^^^^^^^
The import etomica.Simulation cannot be resolved
----------
148. ERROR in E:\eclipse\workspace\etomica.ide\src\etomica\ide\ui\simulationview\SimulationViewContentProvider.java (at line 12)
	import etomica.SimulationEvent;
	       ^^^^^^^^^^^^^^^^^^^^^^^
The import etomica.SimulationEvent cannot be resolved
----------
149. ERROR in E:\eclipse\workspace\etomica.ide\src\etomica\ide\ui\simulationview\SimulationViewContentProvider.java (at line 13)
	import etomica.SimulationListener;
	       ^^^^^^^^^^^^^^^^^^^^^^^^^^
The import etomica.SimulationListener cannot be resolved
----------
150. ERROR in E:\eclipse\workspace\etomica.ide\src\etomica\ide\ui\simulationview\SimulationViewContentProvider.java (at line 14)
	import etomica.action.activity.ActivityGroupParallel;
	       ^^^^^^^^^^^^^^
The import etomica.action cannot be resolved
----------
151. ERROR in E:\eclipse\workspace\etomica.ide\src\etomica\ide\ui\simulationview\SimulationViewContentProvider.java (at line 15)
	import etomica.action.activity.ActivityGroupSeries;
	       ^^^^^^^^^^^^^^
The import etomica.action cannot be resolved
----------
152. ERROR in E:\eclipse\workspace\etomica.ide\src\etomica\ide\ui\simulationview\SimulationViewContentProvider.java (at line 22)
	public class SimulationViewContentProvider implements ITreeContentProvider, SimulationListener {
	                                                                            ^^^^^^^^^^^^^^^^^^
SimulationListener cannot be resolved or is not a valid superinterface
----------
153. ERROR in E:\eclipse\workspace\etomica.ide\src\etomica\ide\ui\simulationview\SimulationViewContentProvider.java (at line 25)
	Simulation.instantiationEventManager.addListener(this); 
	^^^^^^^^^^
Simulation cannot be resolved
----------
154. ERROR in E:\eclipse\workspace\etomica.ide\src\etomica\ide\ui\simulationview\SimulationViewContentProvider.java (at line 35)
	if(parentElement instanceof ActivityGroupParallel) {
	                            ^^^^^^^^^^^^^^^^^^^^^
ActivityGroupParallel cannot be resolved or is not a type
----------
155. ERROR in E:\eclipse\workspace\etomica.ide\src\etomica\ide\ui\simulationview\SimulationViewContentProvider.java (at line 36)
	return PropertySourceWrapper.wrapArrayElements(((ActivityGroupParallel)parentElement).getActions());
	                                                 ^^^^^^^^^^^^^^^^^^^^^
ActivityGroupParallel cannot be resolved or is not a type
----------
156. ERROR in E:\eclipse\workspace\etomica.ide\src\etomica\ide\ui\simulationview\SimulationViewContentProvider.java (at line 37)
	} else if(parentElement instanceof ActivityGroupSeries) {//temporary
	                                   ^^^^^^^^^^^^^^^^^^^
ActivityGroupSeries cannot be resolved or is not a type
----------
157. ERROR in E:\eclipse\workspace\etomica.ide\src\etomica\ide\ui\simulationview\SimulationViewContentProvider.java (at line 38)
	return PropertySourceWrapper.wrapArrayElements(((ActivityGroupSeries)parentElement).pendingActions());
	                                                 ^^^^^^^^^^^^^^^^^^^
ActivityGroupSeries cannot be resolved or is not a type
----------
158. ERROR in E:\eclipse\workspace\etomica.ide\src\etomica\ide\ui\simulationview\SimulationViewContentProvider.java (at line 39)
	} else if(parentElement instanceof Simulation) {
	                                   ^^^^^^^^^^
Simulation cannot be resolved or is not a type
----------
159. ERROR in E:\eclipse\workspace\etomica.ide\src\etomica\ide\ui\simulationview\SimulationViewContentProvider.java (at line 40)
	Simulation sim = (Simulation)parentElement;
	^^^^^^^^^^
Simulation cannot be resolved or is not a type
----------
160. ERROR in E:\eclipse\workspace\etomica.ide\src\etomica\ide\ui\simulationview\SimulationViewContentProvider.java (at line 40)
	Simulation sim = (Simulation)parentElement;
	                  ^^^^^^^^^^
Simulation cannot be resolved or is not a type
----------
161. ERROR in E:\eclipse\workspace\etomica.ide\src\etomica\ide\ui\simulationview\SimulationViewContentProvider.java (at line 71)
	if(element instanceof ActivityGroupParallel) {
	                      ^^^^^^^^^^^^^^^^^^^^^
ActivityGroupParallel cannot be resolved or is not a type
----------
162. ERROR in E:\eclipse\workspace\etomica.ide\src\etomica\ide\ui\simulationview\SimulationViewContentProvider.java (at line 72)
	return ((ActivityGroupParallel)element).getActions().length > 0;
	         ^^^^^^^^^^^^^^^^^^^^^
ActivityGroupParallel cannot be resolved or is not a type
----------
163. ERROR in E:\eclipse\workspace\etomica.ide\src\etomica\ide\ui\simulationview\SimulationViewContentProvider.java (at line 73)
	} else if(element instanceof ActivityGroupSeries) {
	                             ^^^^^^^^^^^^^^^^^^^
ActivityGroupSeries cannot be resolved or is not a type
----------
164. ERROR in E:\eclipse\workspace\etomica.ide\src\etomica\ide\ui\simulationview\SimulationViewContentProvider.java (at line 74)
	return ((ActivityGroupSeries)element).pendingActions().length > 0;
	         ^^^^^^^^^^^^^^^^^^^
ActivityGroupSeries cannot be resolved or is not a type
----------
165. ERROR in E:\eclipse\workspace\etomica.ide\src\etomica\ide\ui\simulationview\SimulationViewContentProvider.java (at line 75)
	} else if(element instanceof Simulation) {
	                             ^^^^^^^^^^
Simulation cannot be resolved or is not a type
----------
166. ERROR in E:\eclipse\workspace\etomica.ide\src\etomica\ide\ui\simulationview\SimulationViewContentProvider.java (at line 85)
	Simulation.instantiationEventManager.removeListener(this);
	^^^^^^^^^^
Simulation cannot be resolved
----------
167. ERROR in E:\eclipse\workspace\etomica.ide\src\etomica\ide\ui\simulationview\SimulationViewContentProvider.java (at line 90)
	public void actionPerformed(SimulationEvent evt) {
	                            ^^^^^^^^^^^^^^^
SimulationEvent cannot be resolved (or is not a valid type) for the parameter evt of the method actionPerformed
----------
----------
168. ERROR in E:\eclipse\workspace\etomica.ide\src\etomica\ide\ui\speciesview\SpeciesView.java (at line 21)
	import etomica.Phase;
	       ^^^^^^^^^^^^^
The import etomica.Phase cannot be resolved
----------
169. ERROR in E:\eclipse\workspace\etomica.ide\src\etomica\ide\ui\speciesview\SpeciesView.java (at line 22)
	import etomica.Simulation;
	       ^^^^^^^^^^^^^^^^^^
The import etomica.Simulation cannot be resolved
----------
170. ERROR in E:\eclipse\workspace\etomica.ide\src\etomica\ide\ui\speciesview\SpeciesView.java (at line 89)
	if(!(obj instanceof Simulation)) return;
	                    ^^^^^^^^^^
Simulation cannot be resolved or is not a type
----------
171. ERROR in E:\eclipse\workspace\etomica.ide\src\etomica\ide\ui\speciesview\SpeciesView.java (at line 136)
	private Phase phase;
	        ^^^^^
Phase cannot be resolved (or is not a valid type) for the field SpeciesView.phase
----------
----------
172. ERROR in E:\eclipse\workspace\etomica.ide\src\etomica\ide\ui\speciesview\SpeciesViewContentProvider.java (at line 11)
	import etomica.Atom;
	       ^^^^^^^^^^^^
The import etomica.Atom cannot be resolved
----------
173. ERROR in E:\eclipse\workspace\etomica.ide\src\etomica\ide\ui\speciesview\SpeciesViewContentProvider.java (at line 12)
	import etomica.AtomTreeNodeGroup;
	       ^^^^^^^^^^^^^^^^^^^^^^^^^
The import etomica.AtomTreeNodeGroup cannot be resolved
----------
174. ERROR in E:\eclipse\workspace\etomica.ide\src\etomica\ide\ui\speciesview\SpeciesViewContentProvider.java (at line 13)
	import etomica.Phase;
	       ^^^^^^^^^^^^^
The import etomica.Phase cannot be resolved
----------
175. ERROR in E:\eclipse\workspace\etomica.ide\src\etomica\ide\ui\speciesview\SpeciesViewContentProvider.java (at line 14)
	import etomica.Simulation;
	       ^^^^^^^^^^^^^^^^^^
The import etomica.Simulation cannot be resolved
----------
176. ERROR in E:\eclipse\workspace\etomica.ide\src\etomica\ide\ui\speciesview\SpeciesViewContentProvider.java (at line 15)
	import etomica.SpeciesAgent;
	       ^^^^^^^^^^^^^^^^^^^^
The import etomica.SpeciesAgent cannot be resolved
----------
177. ERROR in E:\eclipse\workspace\etomica.ide\src\etomica\ide\ui\speciesview\SpeciesViewContentProvider.java (at line 33)
	if(parentElement instanceof Atom) {
	                            ^^^^
Atom cannot be resolved or is not a type
----------
178. ERROR in E:\eclipse\workspace\etomica.ide\src\etomica\ide\ui\speciesview\SpeciesViewContentProvider.java (at line 34)
	return getAtomChildren((Atom)parentElement);
	                        ^^^^
Atom cannot be resolved or is not a type
----------
179. ERROR in E:\eclipse\workspace\etomica.ide\src\etomica\ide\ui\speciesview\SpeciesViewContentProvider.java (at line 35)
	} else if(parentElement instanceof Simulation) {
	                                   ^^^^^^^^^^
Simulation cannot be resolved or is not a type
----------
180. ERROR in E:\eclipse\workspace\etomica.ide\src\etomica\ide\ui\speciesview\SpeciesViewContentProvider.java (at line 36)
	Simulation sim = (Simulation)parentElement;
	^^^^^^^^^^
Simulation cannot be resolved or is not a type
----------
181. ERROR in E:\eclipse\workspace\etomica.ide\src\etomica\ide\ui\speciesview\SpeciesViewContentProvider.java (at line 36)
	Simulation sim = (Simulation)parentElement;
	                  ^^^^^^^^^^
Simulation cannot be resolved or is not a type
----------
182. ERROR in E:\eclipse\workspace\etomica.ide\src\etomica\ide\ui\speciesview\SpeciesViewContentProvider.java (at line 38)
	} else if(parentElement instanceof Phase) {
	                                   ^^^^^
Phase cannot be resolved or is not a type
----------
183. ERROR in E:\eclipse\workspace\etomica.ide\src\etomica\ide\ui\speciesview\SpeciesViewContentProvider.java (at line 39)
	return getAtomChildren(((Phase)parentElement).speciesMaster());
	                         ^^^^^
Phase cannot be resolved or is not a type
----------
184. ERROR in E:\eclipse\workspace\etomica.ide\src\etomica\ide\ui\speciesview\SpeciesViewContentProvider.java (at line 44)
	private Object[] getAtomChildren(Atom atom) {
	                                 ^^^^
Atom cannot be resolved (or is not a valid type) for the parameter atom of the method getAtomChildren
----------
185. ERROR in E:\eclipse\workspace\etomica.ide\src\etomica\ide\ui\speciesview\SpeciesViewContentProvider.java (at line 45)
	if(atom.node instanceof AtomTreeNodeGroup) {
	                        ^^^^^^^^^^^^^^^^^
AtomTreeNodeGroup cannot be resolved or is not a type
----------
186. ERROR in E:\eclipse\workspace\etomica.ide\src\etomica\ide\ui\speciesview\SpeciesViewContentProvider.java (at line 46)
	return PropertySourceWrapper.wrapArrayElements(((AtomTreeNodeGroup)atom.node).childList.toArray());
	                                                 ^^^^^^^^^^^^^^^^^
AtomTreeNodeGroup cannot be resolved or is not a type
----------
187. ERROR in E:\eclipse\workspace\etomica.ide\src\etomica\ide\ui\speciesview\SpeciesViewContentProvider.java (at line 55)
	if(element instanceof Phase) return null;//((Phase)element).simulation();
	                      ^^^^^
Phase cannot be resolved or is not a type
----------
188. ERROR in E:\eclipse\workspace\etomica.ide\src\etomica\ide\ui\speciesview\SpeciesViewContentProvider.java (at line 56)
	else if(element instanceof SpeciesAgent) return ((SpeciesAgent)element).node.parentPhase();
	                           ^^^^^^^^^^^^
SpeciesAgent cannot be resolved or is not a type
----------
189. ERROR in E:\eclipse\workspace\etomica.ide\src\etomica\ide\ui\speciesview\SpeciesViewContentProvider.java (at line 56)
	else if(element instanceof SpeciesAgent) return ((SpeciesAgent)element).node.parentPhase();
	                                                  ^^^^^^^^^^^^
SpeciesAgent cannot be resolved or is not a type
----------
190. ERROR in E:\eclipse\workspace\etomica.ide\src\etomica\ide\ui\speciesview\SpeciesViewContentProvider.java (at line 57)
	else if(element instanceof Atom) return ((Atom)element).node.parentGroup();
	                           ^^^^
Atom cannot be resolved or is not a type
----------
191. ERROR in E:\eclipse\workspace\etomica.ide\src\etomica\ide\ui\speciesview\SpeciesViewContentProvider.java (at line 57)
	else if(element instanceof Atom) return ((Atom)element).node.parentGroup();
	                                          ^^^^
Atom cannot be resolved or is not a type
----------
192. ERROR in E:\eclipse\workspace\etomica.ide\src\etomica\ide\ui\speciesview\SpeciesViewContentProvider.java (at line 66)
	if(element instanceof Atom) {
	                      ^^^^
Atom cannot be resolved or is not a type
----------
193. ERROR in E:\eclipse\workspace\etomica.ide\src\etomica\ide\ui\speciesview\SpeciesViewContentProvider.java (at line 67)
	return atomHasChildren((Atom)element);
	                        ^^^^
Atom cannot be resolved or is not a type
----------
194. ERROR in E:\eclipse\workspace\etomica.ide\src\etomica\ide\ui\speciesview\SpeciesViewContentProvider.java (at line 68)
	} else if(element instanceof Simulation) {
	                             ^^^^^^^^^^
Simulation cannot be resolved or is not a type
----------
195. ERROR in E:\eclipse\workspace\etomica.ide\src\etomica\ide\ui\speciesview\SpeciesViewContentProvider.java (at line 69)
	Simulation sim = (Simulation)element;
	^^^^^^^^^^
Simulation cannot be resolved or is not a type
----------
196. ERROR in E:\eclipse\workspace\etomica.ide\src\etomica\ide\ui\speciesview\SpeciesViewContentProvider.java (at line 69)
	Simulation sim = (Simulation)element;
	                  ^^^^^^^^^^
Simulation cannot be resolved or is not a type
----------
197. ERROR in E:\eclipse\workspace\etomica.ide\src\etomica\ide\ui\speciesview\SpeciesViewContentProvider.java (at line 71)
	} else if(element instanceof Phase) {
	                             ^^^^^
Phase cannot be resolved or is not a type
----------
198. ERROR in E:\eclipse\workspace\etomica.ide\src\etomica\ide\ui\speciesview\SpeciesViewContentProvider.java (at line 72)
	return atomHasChildren(((Phase)element).speciesMaster);
	                         ^^^^^
Phase cannot be resolved or is not a type
----------
199. ERROR in E:\eclipse\workspace\etomica.ide\src\etomica\ide\ui\speciesview\SpeciesViewContentProvider.java (at line 77)
	private boolean atomHasChildren(Atom atom) {
	                                ^^^^
Atom cannot be resolved (or is not a valid type) for the parameter atom of the method atomHasChildren
----------
200. ERROR in E:\eclipse\workspace\etomica.ide\src\etomica\ide\ui\speciesview\SpeciesViewContentProvider.java (at line 79)
	return (((AtomTreeNodeGroup)atom.node).childList.size() > 0);
	          ^^^^^^^^^^^^^^^^^
AtomTreeNodeGroup cannot be resolved or is not a type
----------
----------
201. ERROR in E:\eclipse\workspace\etomica.ide\src\etomica\ide\viewers\EnumeratedTypeCellEditor.java (at line 22)
	import etomica.Constants;
	       ^^^^^^^^^^^^^^^^^
The import etomica.Constants cannot be resolved
----------
202. ERROR in E:\eclipse\workspace\etomica.ide\src\etomica\ide\viewers\EnumeratedTypeCellEditor.java (at line 38)
	private Constants.TypedConstant[] choices;
	        ^^^^^^^^^^^^^^^^^^^^^^^^^
Constants[] cannot be resolved (or is not a valid type) for the field EnumeratedTypeCellEditor.choices
----------
203. ERROR in E:\eclipse\workspace\etomica.ide\src\etomica\ide\viewers\EnumeratedTypeCellEditor.java (at line 44)
	Constants.TypedConstant selection;
	^^^^^^^^^^^^^^^^^^^^^^^
Constants cannot be resolved (or is not a valid type) for the field EnumeratedTypeCellEditor.selection
----------
204. ERROR in E:\eclipse\workspace\etomica.ide\src\etomica\ide\viewers\EnumeratedTypeCellEditor.java (at line 80)
	public EnumeratedTypeCellEditor(Composite parent, Constants.TypedConstant[] choices) {
	                                                  ^^^^^^^^^^^^^^^^^^^^^^^^^
Constants[] cannot be resolved (or is not a valid type) for the parameter choices of the method EnumeratedTypeCellEditor
----------
205. ERROR in E:\eclipse\workspace\etomica.ide\src\etomica\ide\viewers\EnumeratedTypeCellEditor.java (at line 96)
	public EnumeratedTypeCellEditor(Composite parent, Constants.TypedConstant[] choices, int style) {
	                                                  ^^^^^^^^^^^^^^^^^^^^^^^^^
Constants[] cannot be resolved (or is not a valid type) for the parameter choices of the method EnumeratedTypeCellEditor
----------
206. ERROR in E:\eclipse\workspace\etomica.ide\src\etomica\ide\viewers\EnumeratedTypeCellEditor.java (at line 106)
	public Constants.TypedConstant[] getChoices() {
	       ^^^^^^^^^^^^^^^^^^^^^^^^^
Constants[] cannot be resolved (or is not a valid return type) for the method getChoices
----------
207. ERROR in E:\eclipse\workspace\etomica.ide\src\etomica\ide\viewers\EnumeratedTypeCellEditor.java (at line 107)
	return this.choices;
	       ^^^^^^^^^^^^
choices cannot be resolved or is not a field
----------
208. ERROR in E:\eclipse\workspace\etomica.ide\src\etomica\ide\viewers\EnumeratedTypeCellEditor.java (at line 115)
	public void setChoices(Constants.TypedConstant[] choices) {
	                       ^^^^^^^^^^^^^^^^^^^^^^^^^
Constants[] cannot be resolved (or is not a valid type) for the parameter choices of the method setChoices
----------
209. ERROR in E:\eclipse\workspace\etomica.ide\src\etomica\ide\viewers\EnumeratedTypeCellEditor.java (at line 117)
	this.choices = choices;
	^^^^^^^^^^^^
choices cannot be resolved or is not a field
----------
210. ERROR in E:\eclipse\workspace\etomica.ide\src\etomica\ide\viewers\EnumeratedTypeCellEditor.java (at line 168)
	return selection;
	       ^^^^^^^^^
selection cannot be resolved
----------
211. ERROR in E:\eclipse\workspace\etomica.ide\src\etomica\ide\viewers\EnumeratedTypeCellEditor.java (at line 209)
	for(int i=0; i<choices.length; i++) {
	               ^^^^^^^
choices cannot be resolved
----------
212. ERROR in E:\eclipse\workspace\etomica.ide\src\etomica\ide\viewers\EnumeratedTypeCellEditor.java (at line 210)
	if(choices[i] == value) {
	   ^^^^^^^
choices cannot be resolved
----------
213. ERROR in E:\eclipse\workspace\etomica.ide\src\etomica\ide\viewers\EnumeratedTypeCellEditor.java (at line 222)
	if (comboBox != null && choices != null) {
	                        ^^^^^^^
choices cannot be resolved
----------
214. ERROR in E:\eclipse\workspace\etomica.ide\src\etomica\ide\viewers\EnumeratedTypeCellEditor.java (at line 223)
	items = new String[choices.length];
	                   ^^^^^^^
choices cannot be resolved
----------
215. ERROR in E:\eclipse\workspace\etomica.ide\src\etomica\ide\viewers\EnumeratedTypeCellEditor.java (at line 224)
	for(int i=0; i<choices.length; i++) {
	               ^^^^^^^
choices cannot be resolved
----------
216. ERROR in E:\eclipse\workspace\etomica.ide\src\etomica\ide\viewers\EnumeratedTypeCellEditor.java (at line 225)
	items[i] = choices[i].toString();
	           ^^^^^^^
choices cannot be resolved
----------
217. ERROR in E:\eclipse\workspace\etomica.ide\src\etomica\ide\viewers\EnumeratedTypeCellEditor.java (at line 242)
	selection = choices[selectionIndex];
	^^^^^^^^^
selection cannot be resolved
----------
218. ERROR in E:\eclipse\workspace\etomica.ide\src\etomica\ide\viewers\EnumeratedTypeCellEditor.java (at line 242)
	selection = choices[selectionIndex];
	            ^^^^^^^
choices cannot be resolved
----------
218 problems (211 errors, 7 warnings)
